2024-03-18 21:59:51.6033|FATAL|workspacer.Program|exception occurred, quitting workspacer: Microsoft.CodeAnalysis.Scripting.CompilationErrorException: (7,8): error CS0103: The name 'FsharpConfig' does not exist in the current context
   at Microsoft.CodeAnalysis.Scripting.ScriptBuilder.ThrowIfAnyCompilationErrors(DiagnosticBag diagnostics, DiagnosticFormatter formatter)
   at Microsoft.CodeAnalysis.Scripting.ScriptBuilder.CreateExecutor[T](ScriptCompiler compiler, Compilation compilation, Boolean emitDebugInformation, CancellationToken cancellationToken)
   at Microsoft.CodeAnalysis.Scripting.Script`1.GetExecutor(CancellationToken cancellationToken)
   at Microsoft.CodeAnalysis.Scripting.Script`1.RunAsync(Object globals, Func`2 catchException, CancellationToken cancellationToken)
   at Microsoft.CodeAnalysis.Scripting.Script`1.RunAsync(Object globals, CancellationToken cancellationToken)
   at Microsoft.CodeAnalysis.CSharp.Scripting.CSharpScript.RunAsync[T](String code, ScriptOptions options, Object globals, Type globalsType, CancellationToken cancellationToken)
   at Microsoft.CodeAnalysis.CSharp.Scripting.CSharpScript.EvaluateAsync[T](String code, ScriptOptions options, Object globals, Type globalsType, CancellationToken cancellationToken)
   at workspacer.ConfigHelper.DoConfig(IConfigContext context)
   at workspacer.workspacer.Start()
   at workspacer.Program.Run()
   at workspacer.Program.Main(String[] args)|Microsoft.CodeAnalysis.Scripting.CompilationErrorException: (7,8): error CS0103: The name 'FsharpConfig' does not exist in the current context
   at Microsoft.CodeAnalysis.Scripting.ScriptBuilder.ThrowIfAnyCompilationErrors(DiagnosticBag diagnostics, DiagnosticFormatter formatter)
   at Microsoft.CodeAnalysis.Scripting.ScriptBuilder.CreateExecutor[T](ScriptCompiler compiler, Compilation compilation, Boolean emitDebugInformation, CancellationToken cancellationToken)
   at Microsoft.CodeAnalysis.Scripting.Script`1.GetExecutor(CancellationToken cancellationToken)
   at Microsoft.CodeAnalysis.Scripting.Script`1.RunAsync(Object globals, Func`2 catchException, CancellationToken cancellationToken)
   at Microsoft.CodeAnalysis.Scripting.Script`1.RunAsync(Object globals, CancellationToken cancellationToken)
   at Microsoft.CodeAnalysis.CSharp.Scripting.CSharpScript.RunAsync[T](String code, ScriptOptions options, Object globals, Type globalsType, CancellationToken cancellationToken)
   at Microsoft.CodeAnalysis.CSharp.Scripting.CSharpScript.EvaluateAsync[T](String code, ScriptOptions options, Object globals, Type globalsType, CancellationToken cancellationToken)
   at workspacer.ConfigHelper.DoConfig(IConfigContext context)
   at workspacer.workspacer.Start()
   at workspacer.Program.Run()
   at workspacer.Program.Main(String[] args)
2024-03-18 22:00:09.7138|FATAL|workspacer.Program|exception occurred, quitting workspacer: Microsoft.CodeAnalysis.Scripting.CompilationErrorException: (7,8): error CS0103: The name 'FsharpConfig' does not exist in the current context
   at Microsoft.CodeAnalysis.Scripting.ScriptBuilder.ThrowIfAnyCompilationErrors(DiagnosticBag diagnostics, DiagnosticFormatter formatter)
   at Microsoft.CodeAnalysis.Scripting.ScriptBuilder.CreateExecutor[T](ScriptCompiler compiler, Compilation compilation, Boolean emitDebugInformation, CancellationToken cancellationToken)
   at Microsoft.CodeAnalysis.Scripting.Script`1.GetExecutor(CancellationToken cancellationToken)
   at Microsoft.CodeAnalysis.Scripting.Script`1.RunAsync(Object globals, Func`2 catchException, CancellationToken cancellationToken)
   at Microsoft.CodeAnalysis.Scripting.Script`1.RunAsync(Object globals, CancellationToken cancellationToken)
   at Microsoft.CodeAnalysis.CSharp.Scripting.CSharpScript.RunAsync[T](String code, ScriptOptions options, Object globals, Type globalsType, CancellationToken cancellationToken)
   at Microsoft.CodeAnalysis.CSharp.Scripting.CSharpScript.EvaluateAsync[T](String code, ScriptOptions options, Object globals, Type globalsType, CancellationToken cancellationToken)
   at workspacer.ConfigHelper.DoConfig(IConfigContext context)
   at workspacer.workspacer.Start()
   at workspacer.Program.Run()
   at workspacer.Program.Main(String[] args)|Microsoft.CodeAnalysis.Scripting.CompilationErrorException: (7,8): error CS0103: The name 'FsharpConfig' does not exist in the current context
   at Microsoft.CodeAnalysis.Scripting.ScriptBuilder.ThrowIfAnyCompilationErrors(DiagnosticBag diagnostics, DiagnosticFormatter formatter)
   at Microsoft.CodeAnalysis.Scripting.ScriptBuilder.CreateExecutor[T](ScriptCompiler compiler, Compilation compilation, Boolean emitDebugInformation, CancellationToken cancellationToken)
   at Microsoft.CodeAnalysis.Scripting.Script`1.GetExecutor(CancellationToken cancellationToken)
   at Microsoft.CodeAnalysis.Scripting.Script`1.RunAsync(Object globals, Func`2 catchException, CancellationToken cancellationToken)
   at Microsoft.CodeAnalysis.Scripting.Script`1.RunAsync(Object globals, CancellationToken cancellationToken)
   at Microsoft.CodeAnalysis.CSharp.Scripting.CSharpScript.RunAsync[T](String code, ScriptOptions options, Object globals, Type globalsType, CancellationToken cancellationToken)
   at Microsoft.CodeAnalysis.CSharp.Scripting.CSharpScript.EvaluateAsync[T](String code, ScriptOptions options, Object globals, Type globalsType, CancellationToken cancellationToken)
   at workspacer.ConfigHelper.DoConfig(IConfigContext context)
   at workspacer.workspacer.Start()
   at workspacer.Program.Run()
   at workspacer.Program.Main(String[] args)
2024-03-18 22:22:18.8486|FATAL|workspacer.Program|exception occurred, quitting workspacer: System.ArgumentException: '0' is not a valid value for 'Interval'. 'Interval' must be greater than 0.
   at System.Timers.Timer.set_Interval(Double value)
   at workspacer.FocusIndicator.FocusIndicatorForm..ctor(FocusIndicatorPluginConfig config)
   at workspacer.FocusIndicator.FocusIndicatorPlugin..ctor(FocusIndicatorPluginConfig config)
   at workspacer.FocusIndicator.ConfigContextExtensions.AddFocusIndicator(IConfigContext context, FocusIndicatorPluginConfig config)
   at Workspacer.Config.setupContext(IConfigContext context)
   at workspacer.FSharpConfig.FSharpConfig.Extend(IConfigContext context)
   at workspacer.ConfigHelper.DoConfig(IConfigContext context)
   at workspacer.workspacer.Start()
   at workspacer.Program.Run()
   at workspacer.Program.Main(String[] args)|System.ArgumentException: '0' is not a valid value for 'Interval'. 'Interval' must be greater than 0.
   at System.Timers.Timer.set_Interval(Double value)
   at workspacer.FocusIndicator.FocusIndicatorForm..ctor(FocusIndicatorPluginConfig config)
   at workspacer.FocusIndicator.FocusIndicatorPlugin..ctor(FocusIndicatorPluginConfig config)
   at workspacer.FocusIndicator.ConfigContextExtensions.AddFocusIndicator(IConfigContext context, FocusIndicatorPluginConfig config)
   at Workspacer.Config.setupContext(IConfigContext context)
   at workspacer.FSharpConfig.FSharpConfig.Extend(IConfigContext context)
   at workspacer.ConfigHelper.DoConfig(IConfigContext context)
   at workspacer.workspacer.Start()
   at workspacer.Program.Run()
   at workspacer.Program.Main(String[] args)
2024-03-18 22:52:31.6696|FATAL|workspacer.Program|exception occurred, quitting workspacer: System.ObjectDisposedException: Cannot access a disposed object.
Object name: 'FocusBorderForm'.
   at System.Windows.Forms.Control.CreateHandle()
   at System.Windows.Forms.Form.CreateHandle()
   at System.Windows.Forms.Control.get_Handle()
   at System.Windows.Forms.Control.SetVisibleCore(Boolean value)
   at System.Windows.Forms.Form.SetVisibleCore(Boolean value)
   at workspacer.FocusBorder.FocusBorderPlugin.<>c.<OnLayoutCompleted>b__5_1(FocusBorderForm x)
   at workspacer.Workspace.DoLayout()
   at workspacer.Workspace.UpdateWindow(IWindow window, WindowUpdateType type, Boolean layout)
   at workspacer.WorkspaceManager.UpdateWindow(IWindow window, WindowUpdateType type)
   at workspacer.WindowsManager.UpdateWindow(IntPtr handle, WindowUpdateType type)|System.ObjectDisposedException: Cannot access a disposed object.
Object name: 'FocusBorderForm'.
   at System.Windows.Forms.Control.CreateHandle()
   at System.Windows.Forms.Form.CreateHandle()
   at System.Windows.Forms.Control.get_Handle()
   at System.Windows.Forms.Control.SetVisibleCore(Boolean value)
   at System.Windows.Forms.Form.SetVisibleCore(Boolean value)
   at workspacer.FocusBorder.FocusBorderPlugin.<>c.<OnLayoutCompleted>b__5_1(FocusBorderForm x)
   at workspacer.Workspace.DoLayout()
   at workspacer.Workspace.UpdateWindow(IWindow window, WindowUpdateType type, Boolean layout)
   at workspacer.WorkspaceManager.UpdateWindow(IWindow window, WindowUpdateType type)
   at workspacer.WindowsManager.UpdateWindow(IntPtr handle, WindowUpdateType type)
2024-03-18 22:59:49.8599|FATAL|workspacer.Program|exception occurred, quitting workspacer: System.ObjectDisposedException: Cannot access a disposed object.
Object name: 'FocusBorderForm'.
   at System.Windows.Forms.Control.CreateHandle()
   at System.Windows.Forms.Form.CreateHandle()
   at System.Windows.Forms.Control.get_Handle()
   at System.Windows.Forms.Control.SetVisibleCore(Boolean value)
   at System.Windows.Forms.Form.SetVisibleCore(Boolean value)
   at workspacer.FocusBorder.FocusBorderPlugin.<>c.<OnLayoutCompleted>b__5_1(FocusBorderForm x)
   at workspacer.Workspace.DoLayout()
   at workspacer.Workspace.UpdateWindow(IWindow window, WindowUpdateType type, Boolean layout)
   at workspacer.WorkspaceManager.UpdateWindow(IWindow window, WindowUpdateType type)
   at workspacer.WindowsManager.UpdateWindow(IntPtr handle, WindowUpdateType type)|System.ObjectDisposedException: Cannot access a disposed object.
Object name: 'FocusBorderForm'.
   at System.Windows.Forms.Control.CreateHandle()
   at System.Windows.Forms.Form.CreateHandle()
   at System.Windows.Forms.Control.get_Handle()
   at System.Windows.Forms.Control.SetVisibleCore(Boolean value)
   at System.Windows.Forms.Form.SetVisibleCore(Boolean value)
   at workspacer.FocusBorder.FocusBorderPlugin.<>c.<OnLayoutCompleted>b__5_1(FocusBorderForm x)
   at workspacer.Workspace.DoLayout()
   at workspacer.Workspace.UpdateWindow(IWindow window, WindowUpdateType type, Boolean layout)
   at workspacer.WorkspaceManager.UpdateWindow(IWindow window, WindowUpdateType type)
   at workspacer.WindowsManager.UpdateWindow(IntPtr handle, WindowUpdateType type)
2024-03-18 23:06:23.6440|FATAL|workspacer.Program|exception occurred, quitting workspacer: System.ObjectDisposedException: Cannot access a disposed object.
Object name: 'FocusBorderForm'.
   at System.Windows.Forms.Control.CreateHandle()
   at System.Windows.Forms.Form.CreateHandle()
   at System.Windows.Forms.Control.get_Handle()
   at System.Windows.Forms.Control.SetVisibleCore(Boolean value)
   at System.Windows.Forms.Form.SetVisibleCore(Boolean value)
   at workspacer.FocusBorder.FocusBorderPlugin.<>c.<OnLayoutCompleted>b__5_1(FocusBorderForm x)
   at workspacer.Workspace.DoLayout()
   at workspacer.Workspace.UpdateWindow(IWindow window, WindowUpdateType type, Boolean layout)
   at workspacer.WorkspaceManager.UpdateWindow(IWindow window, WindowUpdateType type)
   at workspacer.WindowsManager.UpdateWindow(IntPtr handle, WindowUpdateType type)|System.ObjectDisposedException: Cannot access a disposed object.
Object name: 'FocusBorderForm'.
   at System.Windows.Forms.Control.CreateHandle()
   at System.Windows.Forms.Form.CreateHandle()
   at System.Windows.Forms.Control.get_Handle()
   at System.Windows.Forms.Control.SetVisibleCore(Boolean value)
   at System.Windows.Forms.Form.SetVisibleCore(Boolean value)
   at workspacer.FocusBorder.FocusBorderPlugin.<>c.<OnLayoutCompleted>b__5_1(FocusBorderForm x)
   at workspacer.Workspace.DoLayout()
   at workspacer.Workspace.UpdateWindow(IWindow window, WindowUpdateType type, Boolean layout)
   at workspacer.WorkspaceManager.UpdateWindow(IWindow window, WindowUpdateType type)
   at workspacer.WindowsManager.UpdateWindow(IntPtr handle, WindowUpdateType type)
2024-03-18 23:20:36.9227|FATAL|workspacer.Program|exception occurred, quitting workspacer: System.ObjectDisposedException: Cannot access a disposed object.
Object name: 'FocusBorderForm'.
   at System.Windows.Forms.Control.CreateHandle()
   at System.Windows.Forms.Form.CreateHandle()
   at System.Windows.Forms.Control.get_Handle()
   at System.Windows.Forms.Control.SetVisibleCore(Boolean value)
   at System.Windows.Forms.Form.SetVisibleCore(Boolean value)
   at workspacer.FocusBorder.FocusBorderPlugin.<>c.<OnLayoutCompleted>b__5_1(FocusBorderForm x)
   at workspacer.WorkspaceManager.UpdateWindow(IWindow window, WindowUpdateType type)|System.ObjectDisposedException: Cannot access a disposed object.
Object name: 'FocusBorderForm'.
   at System.Windows.Forms.Control.CreateHandle()
   at System.Windows.Forms.Form.CreateHandle()
   at System.Windows.Forms.Control.get_Handle()
   at System.Windows.Forms.Control.SetVisibleCore(Boolean value)
   at System.Windows.Forms.Form.SetVisibleCore(Boolean value)
   at workspacer.FocusBorder.FocusBorderPlugin.<>c.<OnLayoutCompleted>b__5_1(FocusBorderForm x)
   at workspacer.WorkspaceManager.UpdateWindow(IWindow window, WindowUpdateType type)
2024-03-18 23:21:57.0196|FATAL|workspacer.Program|exception occurred, quitting workspacer: System.ObjectDisposedException: Cannot access a disposed object.
Object name: 'FocusBorderForm'.
   at System.Windows.Forms.Control.CreateHandle()
   at System.Windows.Forms.Form.CreateHandle()
   at System.Windows.Forms.Control.get_Handle()
   at System.Windows.Forms.Control.SetVisibleCore(Boolean value)
   at System.Windows.Forms.Form.SetVisibleCore(Boolean value)
   at workspacer.FocusBorder.FocusBorderPlugin.<>c.<OnLayoutCompleted>b__5_1(FocusBorderForm x)
   at workspacer.FocusBorder.FocusBorderForm.Execute(Action`1 action)
   at workspacer.Workspace.DoLayout()
   at workspacer.Workspace.UpdateWindow(IWindow window, WindowUpdateType type, Boolean layout)
   at workspacer.WorkspaceManager.UpdateWindow(IWindow window, WindowUpdateType type)
   at workspacer.WindowsManager.UpdateWindow(IntPtr handle, WindowUpdateType type)|System.ObjectDisposedException: Cannot access a disposed object.
Object name: 'FocusBorderForm'.
   at System.Windows.Forms.Control.CreateHandle()
   at System.Windows.Forms.Form.CreateHandle()
   at System.Windows.Forms.Control.get_Handle()
   at System.Windows.Forms.Control.SetVisibleCore(Boolean value)
   at System.Windows.Forms.Form.SetVisibleCore(Boolean value)
   at workspacer.FocusBorder.FocusBorderPlugin.<>c.<OnLayoutCompleted>b__5_1(FocusBorderForm x)
   at workspacer.FocusBorder.FocusBorderForm.Execute(Action`1 action)
   at workspacer.Workspace.DoLayout()
   at workspacer.Workspace.UpdateWindow(IWindow window, WindowUpdateType type, Boolean layout)
   at workspacer.WorkspaceManager.UpdateWindow(IWindow window, WindowUpdateType type)
   at workspacer.WindowsManager.UpdateWindow(IntPtr handle, WindowUpdateType type)
